0 info it worked if it ends with ok
1 verbose cli [ '/usr/bin/nodejs', '/usr/bin/npm', 'start' ]
2 info using npm@3.10.9
3 info using node@v7.1.0
4 verbose run-script [ 'prestart', 'start', 'poststart' ]
5 info lifecycle automatic-oauth-example-nodejs@0.2.0~prestart: automatic-oauth-example-nodejs@0.2.0
6 silly lifecycle automatic-oauth-example-nodejs@0.2.0~prestart: no script for prestart, continuing
7 info lifecycle automatic-oauth-example-nodejs@0.2.0~start: automatic-oauth-example-nodejs@0.2.0
8 verbose lifecycle automatic-oauth-example-nodejs@0.2.0~start: unsafe-perm in lifecycle true
9 verbose lifecycle automatic-oauth-example-nodejs@0.2.0~start: PATH: /usr/lib/node_modules/npm/bin/node-gyp-bin:/home/ereio/Development/Car2Claim/Automatic-Thing/node_modules/.bin:/usr/local/sbin:/usr/local/bin:/usr/sbin:/usr/bin:/sbin:/bin:/usr/games:/usr/local/games:/snap/bin:/usr/lib/jvm/java-8-oracle/bin:/usr/lib/jvm/java-8-oracle/db/bin:/usr/lib/jvm/java-8-oracle/jre/bin:/home/ereio/Development/androidSDK/android-sdk-linux//tools:/platform-tools:/usr/lib/jvm/java-8-oracle/bin:/usr/lib/jvm/java-8-oracle/jre/bin:/home/ereio/applications/eclipse_neon_js/
10 verbose lifecycle automatic-oauth-example-nodejs@0.2.0~start: CWD: /home/ereio/Development/Car2Claim/Automatic-Thing
11 silly lifecycle automatic-oauth-example-nodejs@0.2.0~start: Args: [ '-c', 'node app' ]
12 silly lifecycle automatic-oauth-example-nodejs@0.2.0~start: Returned: code: 1  signal: null
13 info lifecycle automatic-oauth-example-nodejs@0.2.0~start: Failed to exec start script
14 verbose stack Error: automatic-oauth-example-nodejs@0.2.0 start: `node app`
14 verbose stack Exit status 1
14 verbose stack     at EventEmitter.<anonymous> (/usr/lib/node_modules/npm/lib/utils/lifecycle.js:255:16)
14 verbose stack     at emitTwo (events.js:106:13)
14 verbose stack     at EventEmitter.emit (events.js:191:7)
14 verbose stack     at ChildProcess.<anonymous> (/usr/lib/node_modules/npm/lib/utils/spawn.js:40:14)
14 verbose stack     at emitTwo (events.js:106:13)
14 verbose stack     at ChildProcess.emit (events.js:191:7)
14 verbose stack     at maybeClose (internal/child_process.js:885:16)
14 verbose stack     at Process.ChildProcess._handle.onexit (internal/child_process.js:226:5)
15 verbose pkgid automatic-oauth-example-nodejs@0.2.0
16 verbose cwd /home/ereio/Development/Car2Claim/Automatic-Thing
17 error Linux 4.8.0-28-generic
18 error argv "/usr/bin/nodejs" "/usr/bin/npm" "start"
19 error node v7.1.0
20 error npm  v3.10.9
21 error code ELIFECYCLE
22 error automatic-oauth-example-nodejs@0.2.0 start: `node app`
22 error Exit status 1
23 error Failed at the automatic-oauth-example-nodejs@0.2.0 start script 'node app'.
23 error Make sure you have the latest version of node.js and npm installed.
23 error If you do, this is most likely a problem with the automatic-oauth-example-nodejs package,
23 error not with npm itself.
23 error Tell the author that this fails on your system:
23 error     node app
23 error You can get information on how to open an issue for this project with:
23 error     npm bugs automatic-oauth-example-nodejs
23 error Or if that isn't available, you can get their info via:
23 error     npm owner ls automatic-oauth-example-nodejs
23 error There is likely additional logging output above.
24 verbose exit [ 1, true ]
